# JRE version: OpenJDK Runtime Environment (11.0.10) (build 11.0.10+0-b96-7249189)
# Java VM: OpenJDK 64-Bit Server VM (11.0.10+0-b96-7249189, mixed mode, tiered, compressed oops, g1 gc, windows-amd64)
Heap:
 garbage-first heap   total 723968K, used 311970K [0x0000000080000000, 0x0000000100000000)
  region size 1024K, 6 young (6144K), 6 survivors (6144K)
 Metaspace       used 117813K, capacity 120740K, committed 121088K, reserved 1155072K
  class space    used 14643K, capacity 15770K, committed 15872K, reserved 1048576K
GC Heap History (20 events):
Event: 173.664 GC heap after
{Heap after GC invocations=78 (full 0):
 garbage-first heap   total 278528K, used 217088K [0x0000000080000000, 0x0000000100000000)
  region size 1024K, 4 young (4096K), 4 survivors (4096K)
 Metaspace       used 117270K, capacity 120050K, committed 120192K, reserved 1153024K
  class space    used 14582K, capacity 15658K, committed 15744K, reserved 1048576K
}
Event: 173.927 GC heap before
{Heap before GC invocations=78 (full 0):
 garbage-first heap   total 278528K, used 232448K [0x0000000080000000, 0x0000000100000000)
  region size 1024K, 20 young (20480K), 4 survivors (4096K)
 Metaspace       used 117273K, capacity 120104K, committed 120448K, reserved 1155072K
  class space    used 14581K, capacity 15654K, committed 15744K, reserved 1048576K
}
Event: 173.957 GC heap after
{Heap after GC invocations=79 (full 0):
 garbage-first heap   total 278528K, used 225280K [0x0000000080000000, 0x0000000100000000)
  region size 1024K, 3 young (3072K), 3 survivors (3072K)
 Metaspace       used 117273K, capacity 120104K, committed 120448K, reserved 1155072K
  class space    used 14581K, capacity 15654K, committed 15744K, reserved 1048576K
}
Event: 174.107 GC heap before
{Heap before GC invocations=79 (full 0):
 garbage-first heap   total 278528K, used 235520K [0x0000000080000000, 0x0000000100000000)
  region size 1024K, 14 young (14336K), 3 survivors (3072K)
 Metaspace       used 117273K, capacity 120104K, committed 120448K, reserved 1155072K
  class space    used 14581K, capacity 15654K, committed 15744K, reserved 1048576K
}
Event: 174.136 GC heap after
{Heap after GC invocations=80 (full 0):
 garbage-first heap   total 334848K, used 232448K [0x0000000080000000, 0x0000000100000000)
  region size 1024K, 2 young (2048K), 2 survivors (2048K)
 Metaspace       used 117273K, capacity 120104K, committed 120448K, reserved 1155072K
  class space    used 14581K, capacity 15654K, committed 15744K, reserved 1048576K
}
Event: 174.540 GC heap before
{Heap before GC invocations=81 (full 0):
 garbage-first heap   total 334848K, used 266240K [0x0000000080000000, 0x0000000100000000)
  region size 1024K, 35 young (35840K), 2 survivors (2048K)
 Metaspace       used 117275K, capacity 120104K, committed 120448K, reserved 1155072K
  class space    used 14581K, capacity 15654K, committed 15744K, reserved 1048576K
}
Event: 174.585 GC heap after
{Heap after GC invocations=82 (full 0):
 garbage-first heap   total 334848K, used 250880K [0x0000000080000000, 0x0000000100000000)
  region size 1024K, 5 young (5120K), 5 survivors (5120K)
 Metaspace       used 117275K, capacity 120104K, committed 120448K, reserved 1155072K
  class space    used 14581K, capacity 15654K, committed 15744K, reserved 1048576K
}
Event: 174.660 GC heap before
{Heap before GC invocations=82 (full 0):
 garbage-first heap   total 334848K, used 262144K [0x0000000080000000, 0x0000000100000000)
  region size 1024K, 16 young (16384K), 5 survivors (5120K)
 Metaspace       used 117277K, capacity 120104K, committed 120448K, reserved 1155072K
  class space    used 14581K, capacity 15654K, committed 15744K, reserved 1048576K
}
Event: 174.692 GC heap after
{Heap after GC invocations=83 (full 0):
 garbage-first heap   total 334848K, used 256512K [0x0000000080000000, 0x0000000100000000)
  region size 1024K, 2 young (2048K), 2 survivors (2048K)
 Metaspace       used 117277K, capacity 120104K, committed 120448K, reserved 1155072K
  class space    used 14581K, capacity 15654K, committed 15744K, reserved 1048576K
}
Event: 174.822 GC heap before
{Heap before GC invocations=83 (full 0):
 garbage-first heap   total 334848K, used 275968K [0x0000000080000000, 0x0000000100000000)
  region size 1024K, 21 young (21504K), 2 survivors (2048K)
 Metaspace       used 117286K, capacity 120104K, committed 120448K, reserved 1155072K
  class space    used 14581K, capacity 15654K, committed 15744K, reserved 1048576K
}
Event: 174.855 GC heap after
{Heap after GC invocations=84 (full 0):
 garbage-first heap   total 334848K, used 268262K [0x0000000080000000, 0x0000000100000000)
  region size 1024K, 3 young (3072K), 3 survivors (3072K)
 Metaspace       used 117286K, capacity 120104K, committed 120448K, reserved 1155072K
  class space    used 14581K, capacity 15654K, committed 15744K, reserved 1048576K
}
Event: 174.931 GC heap before
{Heap before GC invocations=84 (full 0):
 garbage-first heap   total 334848K, used 281574K [0x0000000080000000, 0x0000000100000000)
  region size 1024K, 17 young (17408K), 3 survivors (3072K)
 Metaspace       used 117287K, capacity 120104K, committed 120448K, reserved 1155072K
  class space    used 14581K, capacity 15654K, committed 15744K, reserved 1048576K
}
Event: 174.957 GC heap after
{Heap after GC invocations=85 (full 0):
 garbage-first heap   total 438272K, used 276412K [0x0000000080000000, 0x0000000100000000)
  region size 1024K, 3 young (3072K), 3 survivors (3072K)
 Metaspace       used 117287K, capacity 120104K, committed 120448K, reserved 1155072K
  class space    used 14581K, capacity 15654K, committed 15744K, reserved 1048576K
}
Event: 175.615 GC heap before
{Heap before GC invocations=85 (full 0):
 garbage-first heap   total 438272K, used 320444K [0x0000000080000000, 0x0000000100000000)
  region size 1024K, 46 young (47104K), 3 survivors (3072K)
 Metaspace       used 117422K, capacity 120192K, committed 120448K, reserved 1155072K
  class space    used 14587K, capacity 15657K, committed 15744K, reserved 1048576K
}
Event: 175.667 GC heap after
{Heap after GC invocations=86 (full 0):
 garbage-first heap   total 438272K, used 289792K [0x0000000080000000, 0x0000000100000000)
  region size 1024K, 6 young (6144K), 6 survivors (6144K)
 Metaspace       used 117422K, capacity 120192K, committed 120448K, reserved 1155072K
  class space    used 14587K, capacity 15657K, committed 15744K, reserved 1048576K
}
Event: 176.452 GC heap before
{Heap before GC invocations=86 (full 0):
 garbage-first heap   total 438272K, used 330752K [0x0000000080000000, 0x0000000100000000)
  region size 1024K, 47 young (48128K), 6 survivors (6144K)
 Metaspace       used 117725K, capacity 120652K, committed 120832K, reserved 1155072K
  class space    used 14640K, capacity 15766K, committed 15872K, reserved 1048576K
}
Event: 176.497 GC heap after
{Heap after GC invocations=87 (full 0):
 garbage-first heap   total 438272K, used 295691K [0x0000000080000000, 0x0000000100000000)
  region size 1024K, 5 young (5120K), 5 survivors (5120K)
 Metaspace       used 117725K, capacity 120652K, committed 120832K, reserved 1155072K
  class space    used 14640K, capacity 15766K, committed 15872K, reserved 1048576K
}
Event: 177.284 GC heap before
{Heap before GC invocations=87 (full 0):
 garbage-first heap   total 438272K, used 339723K [0x0000000080000000, 0x0000000100000000)
  region size 1024K, 48 young (49152K), 5 survivors (5120K)
 Metaspace       used 117792K, capacity 120739K, committed 121088K, reserved 1155072K
  class space    used 14643K, capacity 15770K, committed 15872K, reserved 1048576K
}
Event: 177.303 GC heap after
{Heap after GC invocations=88 (full 0):
 garbage-first heap   total 438272K, used 299916K [0x0000000080000000, 0x0000000100000000)
  region size 1024K, 5 young (5120K), 5 survivors (5120K)
 Metaspace       used 117792K, capacity 120739K, committed 121088K, reserved 1155072K
  class space    used 14643K, capacity 15770K, committed 15872K, reserved 1048576K
}
Event: 179.497 GC heap before
{Heap before GC invocations=88 (full 0):
 garbage-first heap   total 438272K, used 352140K [0x0000000080000000, 0x0000000100000000)
  region size 1024K, 49 young (50176K), 5 survivors (5120K)
 Metaspace       used 117813K, capacity 120740K, committed 121088K, reserved 1155072K
  class space    used 14643K, capacity 15770K, committed 15872K, reserved 1048576K
}

