# JRE version: OpenJDK Runtime Environment (11.0.10) (build 11.0.10+0-b96-7249189)
# Java VM: OpenJDK 64-Bit Server VM (11.0.10+0-b96-7249189, mixed mode, tiered, compressed oops, g1 gc, windows-amd64)
Heap:
 garbage-first heap   total 194560K, used 78412K [0x0000000080000000, 0x0000000100000000)
  region size 1024K, 30 young (30720K), 8 survivors (8192K)
 Metaspace       used 65926K, capacity 67654K, committed 67708K, reserved 1107968K
  class space    used 8355K, capacity 8958K, committed 8960K, reserved 1048576K
GC Heap History (20 events):
Event: 2.061 GC heap before
{Heap before GC invocations=0 (full 0):
 garbage-first heap   total 194560K, used 19456K [0x0000000080000000, 0x0000000100000000)
  region size 1024K, 14 young (14336K), 0 survivors (0K)
 Metaspace       used 6734K, capacity 6921K, committed 7168K, reserved 1056768K
  class space    used 582K, capacity 650K, committed 768K, reserved 1048576K
}
Event: 2.141 GC heap after
{Heap after GC invocations=1 (full 0):
 garbage-first heap   total 194560K, used 7833K [0x0000000080000000, 0x0000000100000000)
  region size 1024K, 2 young (2048K), 2 survivors (2048K)
 Metaspace       used 6734K, capacity 6921K, committed 7168K, reserved 1056768K
  class space    used 582K, capacity 650K, committed 768K, reserved 1048576K
}
Event: 3.063 GC heap before
{Heap before GC invocations=1 (full 0):
 garbage-first heap   total 194560K, used 19097K [0x0000000080000000, 0x0000000100000000)
  region size 1024K, 13 young (13312K), 2 survivors (2048K)
 Metaspace       used 9830K, capacity 10050K, committed 10112K, reserved 1058816K
  class space    used 1022K, capacity 1102K, committed 1152K, reserved 1048576K
}
Event: 3.069 GC heap after
{Heap after GC invocations=2 (full 0):
 garbage-first heap   total 194560K, used 9062K [0x0000000080000000, 0x0000000100000000)
  region size 1024K, 2 young (2048K), 2 survivors (2048K)
 Metaspace       used 9830K, capacity 10050K, committed 10112K, reserved 1058816K
  class space    used 1022K, capacity 1102K, committed 1152K, reserved 1048576K
}
Event: 4.235 GC heap before
{Heap before GC invocations=2 (full 0):
 garbage-first heap   total 194560K, used 39782K [0x0000000080000000, 0x0000000100000000)
  region size 1024K, 32 young (32768K), 2 survivors (2048K)
 Metaspace       used 10765K, capacity 11003K, committed 11264K, reserved 1058816K
  class space    used 1125K, capacity 1206K, committed 1280K, reserved 1048576K
}
Event: 4.240 GC heap after
{Heap after GC invocations=3 (full 0):
 garbage-first heap   total 194560K, used 10796K [0x0000000080000000, 0x0000000100000000)
  region size 1024K, 3 young (3072K), 3 survivors (3072K)
 Metaspace       used 10765K, capacity 11003K, committed 11264K, reserved 1058816K
  class space    used 1125K, capacity 1206K, committed 1280K, reserved 1048576K
}
Event: 10.482 GC heap before
{Heap before GC invocations=3 (full 0):
 garbage-first heap   total 194560K, used 75308K [0x0000000080000000, 0x0000000100000000)
  region size 1024K, 67 young (68608K), 3 survivors (3072K)
 Metaspace       used 20608K, capacity 21150K, committed 21296K, reserved 1069056K
  class space    used 2513K, capacity 2688K, committed 2688K, reserved 1048576K
}
Event: 10.504 GC heap after
{Heap after GC invocations=4 (full 0):
 garbage-first heap   total 194560K, used 16626K [0x0000000080000000, 0x0000000100000000)
  region size 1024K, 9 young (9216K), 9 survivors (9216K)
 Metaspace       used 20608K, capacity 21150K, committed 21296K, reserved 1069056K
  class space    used 2513K, capacity 2688K, committed 2688K, reserved 1048576K
}
Event: 16.361 GC heap before
{Heap before GC invocations=5 (full 0):
 garbage-first heap   total 194560K, used 91378K [0x0000000080000000, 0x0000000100000000)
  region size 1024K, 83 young (84992K), 9 survivors (9216K)
 Metaspace       used 28038K, capacity 28661K, committed 28720K, reserved 1075200K
  class space    used 3719K, capacity 3963K, committed 3968K, reserved 1048576K
}
Event: 16.376 GC heap after
{Heap after GC invocations=6 (full 0):
 garbage-first heap   total 194560K, used 19576K [0x0000000080000000, 0x0000000100000000)
  region size 1024K, 9 young (9216K), 9 survivors (9216K)
 Metaspace       used 28038K, capacity 28661K, committed 28720K, reserved 1075200K
  class space    used 3719K, capacity 3963K, committed 3968K, reserved 1048576K
}
Event: 22.418 GC heap before
{Heap before GC invocations=6 (full 0):
 garbage-first heap   total 194560K, used 50296K [0x0000000080000000, 0x0000000100000000)
  region size 1024K, 40 young (40960K), 9 survivors (9216K)
 Metaspace       used 34792K, capacity 35639K, committed 35708K, reserved 1081344K
  class space    used 4535K, capacity 4864K, committed 4864K, reserved 1048576K
}
Event: 22.440 GC heap after
{Heap after GC invocations=7 (full 0):
 garbage-first heap   total 194560K, used 22535K [0x0000000080000000, 0x0000000100000000)
  region size 1024K, 6 young (6144K), 6 survivors (6144K)
 Metaspace       used 34792K, capacity 35639K, committed 35708K, reserved 1081344K
  class space    used 4535K, capacity 4864K, committed 4864K, reserved 1048576K
}
Event: 25.941 GC heap before
{Heap before GC invocations=8 (full 0):
 garbage-first heap   total 194560K, used 128007K [0x0000000080000000, 0x0000000100000000)
  region size 1024K, 106 young (108544K), 6 survivors (6144K)
 Metaspace       used 43174K, capacity 44311K, committed 44540K, reserved 1087488K
  class space    used 5505K, capacity 5889K, committed 6016K, reserved 1048576K
}
Event: 25.974 GC heap after
{Heap after GC invocations=9 (full 0):
 garbage-first heap   total 194560K, used 28146K [0x0000000080000000, 0x0000000100000000)
  region size 1024K, 12 young (12288K), 12 survivors (12288K)
 Metaspace       used 43174K, capacity 44311K, committed 44540K, reserved 1087488K
  class space    used 5505K, capacity 5889K, committed 6016K, reserved 1048576K
}
Event: 30.250 GC heap before
{Heap before GC invocations=9 (full 0):
 garbage-first heap   total 194560K, used 139762K [0x0000000080000000, 0x0000000100000000)
  region size 1024K, 114 young (116736K), 12 survivors (12288K)
 Metaspace       used 49961K, capacity 51285K, committed 51580K, reserved 1093632K
  class space    used 6346K, capacity 6831K, committed 6912K, reserved 1048576K
}
Event: 30.284 GC heap after
{Heap after GC invocations=10 (full 0):
 garbage-first heap   total 194560K, used 47849K [0x0000000080000000, 0x0000000100000000)
  region size 1024K, 15 young (15360K), 15 survivors (15360K)
 Metaspace       used 49961K, capacity 51285K, committed 51580K, reserved 1093632K
  class space    used 6346K, capacity 6831K, committed 6912K, reserved 1048576K
}
Event: 32.604 GC heap before
{Heap before GC invocations=10 (full 0):
 garbage-first heap   total 194560K, used 104169K [0x0000000080000000, 0x0000000100000000)
  region size 1024K, 71 young (72704K), 15 survivors (15360K)
 Metaspace       used 58249K, capacity 59779K, committed 59900K, reserved 1101824K
  class space    used 7393K, capacity 7972K, committed 8064K, reserved 1048576K
}
Event: 32.640 GC heap after
{Heap after GC invocations=11 (full 0):
 garbage-first heap   total 194560K, used 52388K [0x0000000080000000, 0x0000000100000000)
  region size 1024K, 4 young (4096K), 4 survivors (4096K)
 Metaspace       used 58249K, capacity 59779K, committed 59900K, reserved 1101824K
  class space    used 7393K, capacity 7972K, committed 8064K, reserved 1048576K
}
Event: 35.806 GC heap before
{Heap before GC invocations=12 (full 0):
 garbage-first heap   total 194560K, used 131236K [0x0000000080000000, 0x0000000100000000)
  region size 1024K, 81 young (82944K), 4 survivors (4096K)
 Metaspace       used 65655K, capacity 67245K, committed 67452K, reserved 1107968K
  class space    used 8308K, capacity 8886K, committed 8960K, reserved 1048576K
}
Event: 35.822 GC heap after
{Heap after GC invocations=13 (full 0):
 garbage-first heap   total 194560K, used 56908K [0x0000000080000000, 0x0000000100000000)
  region size 1024K, 8 young (8192K), 8 survivors (8192K)
 Metaspace       used 65655K, capacity 67245K, committed 67452K, reserved 1107968K
  class space    used 8308K, capacity 8886K, committed 8960K, reserved 1048576K
}

