# JRE version: OpenJDK Runtime Environment (11.0.10) (build 11.0.10+0-b96-7249189)
# Java VM: OpenJDK 64-Bit Server VM (11.0.10+0-b96-7249189, mixed mode, tiered, compressed oops, g1 gc, windows-amd64)
Heap:
 garbage-first heap   total 194560K, used 146944K [0x0000000080000000, 0x0000000100000000)
  region size 1024K, 27 young (27648K), 6 survivors (6144K)
 Metaspace       used 87857K, capacity 90034K, committed 90532K, reserved 1128448K
  class space    used 11204K, capacity 11981K, committed 12160K, reserved 1048576K
GC Heap History (20 events):
Event: 52.832 GC heap before
{Heap before GC invocations=10 (full 0):
 garbage-first heap   total 194560K, used 99222K [0x0000000080000000, 0x0000000100000000)
  region size 1024K, 66 young (67584K), 15 survivors (15360K)
 Metaspace       used 58194K, capacity 59756K, committed 59940K, reserved 1101824K
  class space    used 7371K, capacity 7915K, committed 7936K, reserved 1048576K
}
Event: 52.879 GC heap after
{Heap after GC invocations=11 (full 0):
 garbage-first heap   total 194560K, used 51584K [0x0000000080000000, 0x0000000100000000)
  region size 1024K, 3 young (3072K), 3 survivors (3072K)
 Metaspace       used 58194K, capacity 59756K, committed 59940K, reserved 1101824K
  class space    used 7371K, capacity 7915K, committed 7936K, reserved 1048576K
}
Event: 56.466 GC heap before
{Heap before GC invocations=12 (full 0):
 garbage-first heap   total 194560K, used 128384K [0x0000000080000000, 0x0000000100000000)
  region size 1024K, 78 young (79872K), 3 survivors (3072K)
 Metaspace       used 65510K, capacity 67124K, committed 67364K, reserved 1107968K
  class space    used 8280K, capacity 8862K, committed 8960K, reserved 1048576K
}
Event: 56.480 GC heap after
{Heap after GC invocations=13 (full 0):
 garbage-first heap   total 194560K, used 56660K [0x0000000080000000, 0x0000000100000000)
  region size 1024K, 8 young (8192K), 8 survivors (8192K)
 Metaspace       used 65510K, capacity 67124K, committed 67364K, reserved 1107968K
  class space    used 8280K, capacity 8862K, committed 8960K, reserved 1048576K
}
Event: 58.944 GC heap before
{Heap before GC invocations=13 (full 0):
 garbage-first heap   total 194560K, used 134484K [0x0000000080000000, 0x0000000100000000)
  region size 1024K, 84 young (86016K), 8 survivors (8192K)
 Metaspace       used 71024K, capacity 72655K, committed 72868K, reserved 1112064K
  class space    used 9139K, capacity 9763K, committed 9856K, reserved 1048576K
}
Event: 58.966 GC heap after
{Heap after GC invocations=14 (full 0):
 garbage-first heap   total 194560K, used 62598K [0x0000000080000000, 0x0000000100000000)
  region size 1024K, 11 young (11264K), 11 survivors (11264K)
 Metaspace       used 71024K, capacity 72655K, committed 72868K, reserved 1112064K
  class space    used 9139K, capacity 9763K, committed 9856K, reserved 1048576K
}
Event: 80.365 GC heap before
{Heap before GC invocations=14 (full 0):
 garbage-first heap   total 194560K, used 140422K [0x0000000080000000, 0x0000000100000000)
  region size 1024K, 87 young (89088K), 11 survivors (11264K)
 Metaspace       used 75968K, capacity 78001K, committed 78244K, reserved 1118208K
  class space    used 9810K, capacity 10557K, committed 10624K, reserved 1048576K
}
Event: 80.405 GC heap after
{Heap after GC invocations=15 (full 0):
 garbage-first heap   total 194560K, used 68561K [0x0000000080000000, 0x0000000100000000)
  region size 1024K, 6 young (6144K), 6 survivors (6144K)
 Metaspace       used 75968K, capacity 78001K, committed 78244K, reserved 1118208K
  class space    used 9810K, capacity 10557K, committed 10624K, reserved 1048576K
}
Event: 83.925 GC heap before
{Heap before GC invocations=15 (full 0):
 garbage-first heap   total 194560K, used 148433K [0x0000000080000000, 0x0000000100000000)
  region size 1024K, 81 young (82944K), 6 survivors (6144K)
 Metaspace       used 83294K, capacity 85328K, committed 85668K, reserved 1124352K
  class space    used 10780K, capacity 11529K, committed 11648K, reserved 1048576K
}
Event: 83.948 GC heap after
{Heap after GC invocations=16 (full 0):
 garbage-first heap   total 194560K, used 74069K [0x0000000080000000, 0x0000000100000000)
  region size 1024K, 6 young (6144K), 6 survivors (6144K)
 Metaspace       used 83294K, capacity 85328K, committed 85668K, reserved 1124352K
  class space    used 10780K, capacity 11529K, committed 11648K, reserved 1048576K
}
Event: 90.243 GC heap before
{Heap before GC invocations=16 (full 0):
 garbage-first heap   total 194560K, used 147797K [0x0000000080000000, 0x0000000100000000)
  region size 1024K, 79 young (80896K), 6 survivors (6144K)
 Metaspace       used 85167K, capacity 87517K, committed 87716K, reserved 1126400K
  class space    used 11026K, capacity 11877K, committed 11904K, reserved 1048576K
}
Event: 90.274 GC heap after
{Heap after GC invocations=17 (full 0):
 garbage-first heap   total 194560K, used 79492K [0x0000000080000000, 0x0000000100000000)
  region size 1024K, 10 young (10240K), 10 survivors (10240K)
 Metaspace       used 85167K, capacity 87517K, committed 87716K, reserved 1126400K
  class space    used 11026K, capacity 11877K, committed 11904K, reserved 1048576K
}
Event: 93.888 GC heap before
{Heap before GC invocations=17 (full 0):
 garbage-first heap   total 194560K, used 152196K [0x0000000080000000, 0x0000000100000000)
  region size 1024K, 81 young (82944K), 10 survivors (10240K)
 Metaspace       used 86592K, capacity 88872K, committed 89124K, reserved 1126400K
  class space    used 11125K, capacity 11941K, committed 12032K, reserved 1048576K
}
Event: 93.913 GC heap after
{Heap after GC invocations=18 (full 0):
 garbage-first heap   total 194560K, used 84144K [0x0000000080000000, 0x0000000100000000)
  region size 1024K, 10 young (10240K), 10 survivors (10240K)
 Metaspace       used 86592K, capacity 88872K, committed 89124K, reserved 1126400K
  class space    used 11125K, capacity 11941K, committed 12032K, reserved 1048576K
}
Event: 98.607 GC heap before
{Heap before GC invocations=18 (full 0):
 garbage-first heap   total 194560K, used 153776K [0x0000000080000000, 0x0000000100000000)
  region size 1024K, 79 young (80896K), 10 survivors (10240K)
 Metaspace       used 87919K, capacity 90190K, committed 90532K, reserved 1128448K
  class space    used 11246K, capacity 12058K, committed 12160K, reserved 1048576K
}
Event: 98.643 GC heap after
{Heap after GC invocations=19 (full 0):
 garbage-first heap   total 194560K, used 93960K [0x0000000080000000, 0x0000000100000000)
  region size 1024K, 10 young (10240K), 10 survivors (10240K)
 Metaspace       used 87919K, capacity 90190K, committed 90532K, reserved 1128448K
  class space    used 11246K, capacity 12058K, committed 12160K, reserved 1048576K
}
Event: 99.950 GC heap before
{Heap before GC invocations=19 (full 0):
 garbage-first heap   total 194560K, used 154376K [0x0000000080000000, 0x0000000100000000)
  region size 1024K, 70 young (71680K), 10 survivors (10240K)
 Metaspace       used 87988K, capacity 90254K, committed 90532K, reserved 1128448K
  class space    used 11246K, capacity 12058K, committed 12160K, reserved 1048576K
}
Event: 100.007 GC heap after
{Heap after GC invocations=20 (full 0):
 garbage-first heap   total 194560K, used 116114K [0x0000000080000000, 0x0000000100000000)
  region size 1024K, 9 young (9216K), 9 survivors (9216K)
 Metaspace       used 87988K, capacity 90254K, committed 90532K, reserved 1128448K
  class space    used 11246K, capacity 12058K, committed 12160K, reserved 1048576K
}
Event: 100.903 GC heap before
{Heap before GC invocations=20 (full 0):
 garbage-first heap   total 194560K, used 132498K [0x0000000080000000, 0x0000000100000000)
  region size 1024K, 27 young (27648K), 9 survivors (9216K)
 Metaspace       used 87993K, capacity 90254K, committed 90532K, reserved 1128448K
  class space    used 11246K, capacity 12058K, committed 12160K, reserved 1048576K
}
Event: 100.926 GC heap after
{Heap after GC invocations=21 (full 0):
 garbage-first heap   total 194560K, used 123392K [0x0000000080000000, 0x0000000100000000)
  region size 1024K, 6 young (6144K), 6 survivors (6144K)
 Metaspace       used 87993K, capacity 90254K, committed 90532K, reserved 1128448K
  class space    used 11246K, capacity 12058K, committed 12160K, reserved 1048576K
}

