# JRE version: OpenJDK Runtime Environment (11.0.10) (build 11.0.10+0-b96-7249189)
# Java VM: OpenJDK 64-Bit Server VM (11.0.10+0-b96-7249189, mixed mode, tiered, compressed oops, g1 gc, windows-amd64)
Heap:
 garbage-first heap   total 194560K, used 104922K [0x0000000080000000, 0x0000000100000000)
  region size 1024K, 42 young (43008K), 6 survivors (6144K)
 Metaspace       used 82190K, capacity 84275K, committed 84604K, reserved 1122304K
  class space    used 10690K, capacity 11437K, committed 11520K, reserved 1048576K
GC Heap History (20 events):
Event: 3.135 GC heap before
{Heap before GC invocations=2 (full 0):
 garbage-first heap   total 194560K, used 39090K [0x0000000080000000, 0x0000000100000000)
  region size 1024K, 31 young (31744K), 2 survivors (2048K)
 Metaspace       used 10770K, capacity 11003K, committed 11264K, reserved 1058816K
  class space    used 1125K, capacity 1206K, committed 1280K, reserved 1048576K
}
Event: 3.139 GC heap after
{Heap after GC invocations=3 (full 0):
 garbage-first heap   total 194560K, used 12102K [0x0000000080000000, 0x0000000100000000)
  region size 1024K, 3 young (3072K), 3 survivors (3072K)
 Metaspace       used 10770K, capacity 11003K, committed 11264K, reserved 1058816K
  class space    used 1125K, capacity 1206K, committed 1280K, reserved 1048576K
}
Event: 7.214 GC heap before
{Heap before GC invocations=3 (full 0):
 garbage-first heap   total 194560K, used 76614K [0x0000000080000000, 0x0000000100000000)
  region size 1024K, 67 young (68608K), 3 survivors (3072K)
 Metaspace       used 20623K, capacity 21150K, committed 21296K, reserved 1069056K
  class space    used 2513K, capacity 2688K, committed 2688K, reserved 1048576K
}
Event: 7.227 GC heap after
{Heap after GC invocations=4 (full 0):
 garbage-first heap   total 194560K, used 16963K [0x0000000080000000, 0x0000000100000000)
  region size 1024K, 9 young (9216K), 9 survivors (9216K)
 Metaspace       used 20623K, capacity 21150K, committed 21296K, reserved 1069056K
  class space    used 2513K, capacity 2688K, committed 2688K, reserved 1048576K
}
Event: 10.086 GC heap before
{Heap before GC invocations=5 (full 0):
 garbage-first heap   total 194560K, used 92739K [0x0000000080000000, 0x0000000100000000)
  region size 1024K, 84 young (86016K), 9 survivors (9216K)
 Metaspace       used 28290K, capacity 28984K, committed 29104K, reserved 1075200K
  class space    used 3761K, capacity 4028K, committed 4096K, reserved 1048576K
}
Event: 10.103 GC heap after
{Heap after GC invocations=6 (full 0):
 garbage-first heap   total 194560K, used 19400K [0x0000000080000000, 0x0000000100000000)
  region size 1024K, 9 young (9216K), 9 survivors (9216K)
 Metaspace       used 28290K, capacity 28984K, committed 29104K, reserved 1075200K
  class space    used 3761K, capacity 4028K, committed 4096K, reserved 1048576K
}
Event: 11.545 GC heap before
{Heap before GC invocations=6 (full 0):
 garbage-first heap   total 194560K, used 49096K [0x0000000080000000, 0x0000000100000000)
  region size 1024K, 39 young (39936K), 9 survivors (9216K)
 Metaspace       used 34844K, capacity 35606K, committed 35708K, reserved 1081344K
  class space    used 4535K, capacity 4832K, committed 4864K, reserved 1048576K
}
Event: 11.562 GC heap after
{Heap after GC invocations=7 (full 0):
 garbage-first heap   total 194560K, used 23265K [0x0000000080000000, 0x0000000100000000)
  region size 1024K, 7 young (7168K), 7 survivors (7168K)
 Metaspace       used 34844K, capacity 35606K, committed 35708K, reserved 1081344K
  class space    used 4535K, capacity 4832K, committed 4864K, reserved 1048576K
}
Event: 15.044 GC heap before
{Heap before GC invocations=8 (full 0):
 garbage-first heap   total 194560K, used 125665K [0x0000000080000000, 0x0000000100000000)
  region size 1024K, 104 young (106496K), 7 survivors (7168K)
 Metaspace       used 43041K, capacity 44215K, committed 44412K, reserved 1087488K
  class space    used 5487K, capacity 5857K, committed 5888K, reserved 1048576K
}
Event: 15.069 GC heap after
{Heap after GC invocations=9 (full 0):
 garbage-first heap   total 194560K, used 28476K [0x0000000080000000, 0x0000000100000000)
  region size 1024K, 12 young (12288K), 12 survivors (12288K)
 Metaspace       used 43041K, capacity 44215K, committed 44412K, reserved 1087488K
  class space    used 5487K, capacity 5857K, committed 5888K, reserved 1048576K
}
Event: 22.340 GC heap before
{Heap before GC invocations=9 (full 0):
 garbage-first heap   total 194560K, used 140092K [0x0000000080000000, 0x0000000100000000)
  region size 1024K, 114 young (116736K), 12 survivors (12288K)
 Metaspace       used 49952K, capacity 51287K, committed 51580K, reserved 1093632K
  class space    used 6347K, capacity 6831K, committed 6912K, reserved 1048576K
}
Event: 22.375 GC heap after
{Heap after GC invocations=10 (full 0):
 garbage-first heap   total 194560K, used 48029K [0x0000000080000000, 0x0000000100000000)
  region size 1024K, 15 young (15360K), 15 survivors (15360K)
 Metaspace       used 49952K, capacity 51287K, committed 51580K, reserved 1093632K
  class space    used 6347K, capacity 6831K, committed 6912K, reserved 1048576K
}
Event: 24.681 GC heap before
{Heap before GC invocations=10 (full 0):
 garbage-first heap   total 194560K, used 103325K [0x0000000080000000, 0x0000000100000000)
  region size 1024K, 70 young (71680K), 15 survivors (15360K)
 Metaspace       used 58241K, capacity 59775K, committed 59900K, reserved 1101824K
  class space    used 7391K, capacity 7971K, committed 8064K, reserved 1048576K
}
Event: 24.718 GC heap after
{Heap after GC invocations=11 (full 0):
 garbage-first heap   total 194560K, used 53132K [0x0000000080000000, 0x0000000100000000)
  region size 1024K, 4 young (4096K), 4 survivors (4096K)
 Metaspace       used 58241K, capacity 59775K, committed 59900K, reserved 1101824K
  class space    used 7391K, capacity 7971K, committed 8064K, reserved 1048576K
}
Event: 31.873 GC heap before
{Heap before GC invocations=12 (full 0):
 garbage-first heap   total 194560K, used 131980K [0x0000000080000000, 0x0000000100000000)
  region size 1024K, 81 young (82944K), 4 survivors (4096K)
 Metaspace       used 65669K, capacity 67306K, committed 67452K, reserved 1107968K
  class space    used 8311K, capacity 8887K, committed 8960K, reserved 1048576K
}
Event: 31.892 GC heap after
{Heap after GC invocations=13 (full 0):
 garbage-first heap   total 194560K, used 57228K [0x0000000080000000, 0x0000000100000000)
  region size 1024K, 8 young (8192K), 8 survivors (8192K)
 Metaspace       used 65669K, capacity 67306K, committed 67452K, reserved 1107968K
  class space    used 8311K, capacity 8887K, committed 8960K, reserved 1048576K
}
Event: 36.439 GC heap before
{Heap before GC invocations=14 (full 0):
 garbage-first heap   total 194560K, used 137100K [0x0000000080000000, 0x0000000100000000)
  region size 1024K, 86 young (88064K), 8 survivors (8192K)
 Metaspace       used 71409K, capacity 73082K, committed 73212K, reserved 1112064K
  class space    used 9199K, capacity 9823K, committed 9856K, reserved 1048576K
}
Event: 36.464 GC heap after
{Heap after GC invocations=15 (full 0):
 garbage-first heap   total 194560K, used 62871K [0x0000000080000000, 0x0000000100000000)
  region size 1024K, 11 young (11264K), 11 survivors (11264K)
 Metaspace       used 71409K, capacity 73082K, committed 73212K, reserved 1112064K
  class space    used 9199K, capacity 9823K, committed 9856K, reserved 1048576K
}
Event: 40.666 GC heap before
{Heap before GC invocations=15 (full 0):
 garbage-first heap   total 194560K, used 143767K [0x0000000080000000, 0x0000000100000000)
  region size 1024K, 88 young (90112K), 11 survivors (11264K)
 Metaspace       used 79443K, capacity 81295K, committed 81532K, reserved 1120256K
  class space    used 10299K, capacity 10957K, committed 11008K, reserved 1048576K
}
Event: 40.696 GC heap after
{Heap after GC invocations=16 (full 0):
 garbage-first heap   total 194560K, used 69082K [0x0000000080000000, 0x0000000100000000)
  region size 1024K, 6 young (6144K), 6 survivors (6144K)
 Metaspace       used 79443K, capacity 81295K, committed 81532K, reserved 1120256K
  class space    used 10299K, capacity 10957K, committed 11008K, reserved 1048576K
}

