# JRE version: OpenJDK Runtime Environment (11.0.10) (build 11.0.10+0-b96-7249189)
# Java VM: OpenJDK 64-Bit Server VM (11.0.10+0-b96-7249189, mixed mode, tiered, compressed oops, g1 gc, windows-amd64)
Heap:
 garbage-first heap   total 712704K, used 276480K [0x0000000080000000, 0x0000000100000000)
  region size 1024K, 4 young (4096K), 4 survivors (4096K)
 Metaspace       used 96670K, capacity 99076K, committed 99388K, reserved 1134592K
  class space    used 12619K, capacity 13495K, committed 13568K, reserved 1048576K
GC Heap History (20 events):
Event: 42.440 GC heap after
{Heap after GC invocations=28 (full 0):
 garbage-first heap   total 216064K, used 168198K [0x0000000080000000, 0x0000000100000000)
  region size 1024K, 3 young (3072K), 3 survivors (3072K)
 Metaspace       used 92625K, capacity 94896K, committed 95036K, reserved 1132544K
  class space    used 11900K, capacity 12730K, committed 12800K, reserved 1048576K
}
Event: 42.582 GC heap before
{Heap before GC invocations=28 (full 0):
 garbage-first heap   total 216064K, used 180486K [0x0000000080000000, 0x0000000100000000)
  region size 1024K, 15 young (15360K), 3 survivors (3072K)
 Metaspace       used 92625K, capacity 94896K, committed 95036K, reserved 1132544K
  class space    used 11900K, capacity 12730K, committed 12800K, reserved 1048576K
}
Event: 42.616 GC heap after
{Heap after GC invocations=29 (full 0):
 garbage-first heap   total 216064K, used 172722K [0x0000000080000000, 0x0000000100000000)
  region size 1024K, 2 young (2048K), 2 survivors (2048K)
 Metaspace       used 92625K, capacity 94896K, committed 95036K, reserved 1132544K
  class space    used 11900K, capacity 12730K, committed 12800K, reserved 1048576K
}
Event: 42.690 GC heap before
{Heap before GC invocations=29 (full 0):
 garbage-first heap   total 216064K, used 183986K [0x0000000080000000, 0x0000000100000000)
  region size 1024K, 12 young (12288K), 2 survivors (2048K)
 Metaspace       used 92625K, capacity 94896K, committed 95036K, reserved 1132544K
  class space    used 11900K, capacity 12730K, committed 12800K, reserved 1048576K
}
Event: 42.720 GC heap after
{Heap after GC invocations=30 (full 0):
 garbage-first heap   total 260096K, used 179477K [0x0000000080000000, 0x0000000100000000)
  region size 1024K, 2 young (2048K), 2 survivors (2048K)
 Metaspace       used 92625K, capacity 94896K, committed 95036K, reserved 1132544K
  class space    used 11900K, capacity 12730K, committed 12800K, reserved 1048576K
}
Event: 43.209 GC heap before
{Heap before GC invocations=31 (full 0):
 garbage-first heap   total 260096K, used 202005K [0x0000000080000000, 0x0000000100000000)
  region size 1024K, 25 young (25600K), 2 survivors (2048K)
 Metaspace       used 94816K, capacity 97147K, committed 97340K, reserved 1134592K
  class space    used 12373K, capacity 13247K, committed 13312K, reserved 1048576K
}
Event: 43.246 GC heap after
{Heap after GC invocations=32 (full 0):
 garbage-first heap   total 260096K, used 188416K [0x0000000080000000, 0x0000000100000000)
  region size 1024K, 4 young (4096K), 4 survivors (4096K)
 Metaspace       used 94816K, capacity 97147K, committed 97340K, reserved 1134592K
  class space    used 12373K, capacity 13247K, committed 13312K, reserved 1048576K
}
Event: 43.686 GC heap before
{Heap before GC invocations=32 (full 0):
 garbage-first heap   total 260096K, used 208896K [0x0000000080000000, 0x0000000100000000)
  region size 1024K, 24 young (24576K), 4 survivors (4096K)
 Metaspace       used 94850K, capacity 97214K, committed 97340K, reserved 1134592K
  class space    used 12373K, capacity 13247K, committed 13312K, reserved 1048576K
}
Event: 43.729 GC heap after
{Heap after GC invocations=33 (full 0):
 garbage-first heap   total 260096K, used 198960K [0x0000000080000000, 0x0000000100000000)
  region size 1024K, 3 young (3072K), 3 survivors (3072K)
 Metaspace       used 94850K, capacity 97214K, committed 97340K, reserved 1134592K
  class space    used 12373K, capacity 13247K, committed 13312K, reserved 1048576K
}
Event: 44.514 GC heap before
{Heap before GC invocations=33 (full 0):
 garbage-first heap   total 260096K, used 212272K [0x0000000080000000, 0x0000000100000000)
  region size 1024K, 18 young (18432K), 3 survivors (3072K)
 Metaspace       used 94896K, capacity 97214K, committed 97340K, reserved 1134592K
  class space    used 12373K, capacity 13247K, committed 13312K, reserved 1048576K
}
Event: 44.540 GC heap after
{Heap after GC invocations=34 (full 0):
 garbage-first heap   total 260096K, used 206793K [0x0000000080000000, 0x0000000100000000)
  region size 1024K, 3 young (3072K), 3 survivors (3072K)
 Metaspace       used 94896K, capacity 97214K, committed 97340K, reserved 1134592K
  class space    used 12373K, capacity 13247K, committed 13312K, reserved 1048576K
}
Event: 44.693 GC heap before
{Heap before GC invocations=34 (full 0):
 garbage-first heap   total 260096K, used 219081K [0x0000000080000000, 0x0000000100000000)
  region size 1024K, 15 young (15360K), 3 survivors (3072K)
 Metaspace       used 94909K, capacity 97281K, committed 97596K, reserved 1134592K
  class space    used 12374K, capacity 13247K, committed 13312K, reserved 1048576K
}
Event: 44.722 GC heap after
{Heap after GC invocations=35 (full 0):
 garbage-first heap   total 366592K, used 212992K [0x0000000080000000, 0x0000000100000000)
  region size 1024K, 2 young (2048K), 2 survivors (2048K)
 Metaspace       used 94909K, capacity 97281K, committed 97596K, reserved 1134592K
  class space    used 12374K, capacity 13247K, committed 13312K, reserved 1048576K
}
Event: 45.082 GC heap before
{Heap before GC invocations=36 (full 0):
 garbage-first heap   total 366592K, used 257024K [0x0000000080000000, 0x0000000100000000)
  region size 1024K, 45 young (46080K), 2 survivors (2048K)
 Metaspace       used 94915K, capacity 97281K, committed 97596K, reserved 1134592K
  class space    used 12374K, capacity 13247K, committed 13312K, reserved 1048576K
}
Event: 45.136 GC heap after
{Heap after GC invocations=37 (full 0):
 garbage-first heap   total 366592K, used 235221K [0x0000000080000000, 0x0000000100000000)
  region size 1024K, 6 young (6144K), 6 survivors (6144K)
 Metaspace       used 94915K, capacity 97281K, committed 97596K, reserved 1134592K
  class space    used 12374K, capacity 13247K, committed 13312K, reserved 1048576K
}
Event: 45.399 GC heap before
{Heap before GC invocations=37 (full 0):
 garbage-first heap   total 366592K, used 273109K [0x0000000080000000, 0x0000000100000000)
  region size 1024K, 43 young (44032K), 6 survivors (6144K)
 Metaspace       used 94927K, capacity 97281K, committed 97596K, reserved 1134592K
  class space    used 12374K, capacity 13247K, committed 13312K, reserved 1048576K
}
Event: 45.449 GC heap after
{Heap after GC invocations=38 (full 0):
 garbage-first heap   total 366592K, used 254976K [0x0000000080000000, 0x0000000100000000)
  region size 1024K, 6 young (6144K), 6 survivors (6144K)
 Metaspace       used 94927K, capacity 97281K, committed 97596K, reserved 1134592K
  class space    used 12374K, capacity 13247K, committed 13312K, reserved 1048576K
}
Event: 46.837 GC heap before
{Heap before GC invocations=38 (full 0):
 garbage-first heap   total 366592K, used 285696K [0x0000000080000000, 0x0000000100000000)
  region size 1024K, 37 young (37888K), 6 survivors (6144K)
 Metaspace       used 95089K, capacity 97471K, committed 97596K, reserved 1134592K
  class space    used 12388K, capacity 13264K, committed 13312K, reserved 1048576K
}
Event: 46.900 GC heap after
{Heap after GC invocations=39 (full 0):
 garbage-first heap   total 366592K, used 270848K [0x0000000080000000, 0x0000000100000000)
  region size 1024K, 5 young (5120K), 5 survivors (5120K)
 Metaspace       used 95089K, capacity 97471K, committed 97596K, reserved 1134592K
  class space    used 12388K, capacity 13264K, committed 13312K, reserved 1048576K
}
Event: 47.496 GC heap before
{Heap before GC invocations=40 (full 0):
 garbage-first heap   total 366592K, used 295424K [0x0000000080000000, 0x0000000100000000)
  region size 1024K, 30 young (30720K), 5 survivors (5120K)
 Metaspace       used 96670K, capacity 99076K, committed 99388K, reserved 1134592K
  class space    used 12619K, capacity 13495K, committed 13568K, reserved 1048576K
}

