# JRE version: OpenJDK Runtime Environment (11.0.10) (build 11.0.10+0-b96-7249189)
# Java VM: OpenJDK 64-Bit Server VM (11.0.10+0-b96-7249189, mixed mode, tiered, compressed oops, g1 gc, windows-amd64)
Heap:
 garbage-first heap   total 194560K, used 105851K [0x0000000080000000, 0x0000000100000000)
  region size 1024K, 46 young (47104K), 7 survivors (7168K)
 Metaspace       used 78112K, capacity 80006K, committed 80124K, reserved 1118208K
  class space    used 10149K, capacity 10824K, committed 10880K, reserved 1048576K
GC Heap History (20 events):
Event: 3.564 GC heap before
{Heap before GC invocations=2 (full 0):
 garbage-first heap   total 194560K, used 32424K [0x0000000080000000, 0x0000000100000000)
  region size 1024K, 24 young (24576K), 1 survivors (1024K)
 Metaspace       used 10749K, capacity 11007K, committed 11264K, reserved 1058816K
  class space    used 1123K, capacity 1206K, committed 1280K, reserved 1048576K
}
Event: 3.567 GC heap after
{Heap after GC invocations=3 (full 0):
 garbage-first heap   total 194560K, used 9530K [0x0000000080000000, 0x0000000100000000)
  region size 1024K, 2 young (2048K), 2 survivors (2048K)
 Metaspace       used 10749K, capacity 11007K, committed 11264K, reserved 1058816K
  class space    used 1123K, capacity 1206K, committed 1280K, reserved 1048576K
}
Event: 4.616 GC heap before
{Heap before GC invocations=3 (full 0):
 garbage-first heap   total 194560K, used 45370K [0x0000000080000000, 0x0000000100000000)
  region size 1024K, 37 young (37888K), 2 survivors (2048K)
 Metaspace       used 14128K, capacity 14449K, committed 14592K, reserved 1062912K
  class space    used 1602K, capacity 1716K, committed 1792K, reserved 1048576K
}
Event: 4.623 GC heap after
{Heap after GC invocations=4 (full 0):
 garbage-first heap   total 194560K, used 14606K [0x0000000080000000, 0x0000000100000000)
  region size 1024K, 5 young (5120K), 5 survivors (5120K)
 Metaspace       used 14128K, capacity 14449K, committed 14592K, reserved 1062912K
  class space    used 1602K, capacity 1716K, committed 1792K, reserved 1048576K
}
Event: 8.908 GC heap before
{Heap before GC invocations=4 (full 0):
 garbage-first heap   total 194560K, used 53518K [0x0000000080000000, 0x0000000100000000)
  region size 1024K, 45 young (46080K), 5 survivors (5120K)
 Metaspace       used 20633K, capacity 21154K, committed 21296K, reserved 1069056K
  class space    used 2513K, capacity 2688K, committed 2688K, reserved 1048576K
}
Event: 8.923 GC heap after
{Heap after GC invocations=5 (full 0):
 garbage-first heap   total 194560K, used 16885K [0x0000000080000000, 0x0000000100000000)
  region size 1024K, 2 young (2048K), 2 survivors (2048K)
 Metaspace       used 20633K, capacity 21154K, committed 21296K, reserved 1069056K
  class space    used 2513K, capacity 2688K, committed 2688K, reserved 1048576K
}
Event: 11.294 GC heap before
{Heap before GC invocations=6 (full 0):
 garbage-first heap   total 194560K, used 76277K [0x0000000080000000, 0x0000000100000000)
  region size 1024K, 60 young (61440K), 2 survivors (2048K)
 Metaspace       used 26394K, capacity 27072K, committed 27184K, reserved 1073152K
  class space    used 3464K, capacity 3710K, committed 3712K, reserved 1048576K
}
Event: 11.305 GC heap after
{Heap after GC invocations=7 (full 0):
 garbage-first heap   total 194560K, used 18677K [0x0000000080000000, 0x0000000100000000)
  region size 1024K, 4 young (4096K), 4 survivors (4096K)
 Metaspace       used 26394K, capacity 27072K, committed 27184K, reserved 1073152K
  class space    used 3464K, capacity 3710K, committed 3712K, reserved 1048576K
}
Event: 13.803 GC heap before
{Heap before GC invocations=7 (full 0):
 garbage-first heap   total 194560K, used 67829K [0x0000000080000000, 0x0000000100000000)
  region size 1024K, 54 young (55296K), 4 survivors (4096K)
 Metaspace       used 34838K, capacity 35611K, committed 35708K, reserved 1081344K
  class space    used 4525K, capacity 4832K, committed 4864K, reserved 1048576K
}
Event: 13.818 GC heap after
{Heap after GC invocations=8 (full 0):
 garbage-first heap   total 194560K, used 22897K [0x0000000080000000, 0x0000000100000000)
  region size 1024K, 8 young (8192K), 8 survivors (8192K)
 Metaspace       used 34838K, capacity 35611K, committed 35708K, reserved 1081344K
  class space    used 4525K, capacity 4832K, committed 4864K, reserved 1048576K
}
Event: 17.463 GC heap before
{Heap before GC invocations=9 (full 0):
 garbage-first heap   total 194560K, used 104817K [0x0000000080000000, 0x0000000100000000)
  region size 1024K, 86 young (88064K), 8 survivors (8192K)
 Metaspace       used 40727K, capacity 41717K, committed 41852K, reserved 1085440K
  class space    used 5242K, capacity 5599K, committed 5632K, reserved 1048576K
}
Event: 17.487 GC heap after
{Heap after GC invocations=10 (full 0):
 garbage-first heap   total 194560K, used 28243K [0x0000000080000000, 0x0000000100000000)
  region size 1024K, 10 young (10240K), 10 survivors (10240K)
 Metaspace       used 40727K, capacity 41717K, committed 41852K, reserved 1085440K
  class space    used 5242K, capacity 5599K, committed 5632K, reserved 1048576K
}
Event: 21.142 GC heap before
{Heap before GC invocations=10 (full 0):
 garbage-first heap   total 194560K, used 119379K [0x0000000080000000, 0x0000000100000000)
  region size 1024K, 98 young (100352K), 10 survivors (10240K)
 Metaspace       used 47197K, capacity 48467K, committed 48636K, reserved 1091584K
  class space    used 6014K, capacity 6497K, committed 6528K, reserved 1048576K
}
Event: 21.171 GC heap after
{Heap after GC invocations=11 (full 0):
 garbage-first heap   total 194560K, used 33154K [0x0000000080000000, 0x0000000100000000)
  region size 1024K, 11 young (11264K), 11 survivors (11264K)
 Metaspace       used 47197K, capacity 48467K, committed 48636K, reserved 1091584K
  class space    used 6014K, capacity 6497K, committed 6528K, reserved 1048576K
}
Event: 27.209 GC heap before
{Heap before GC invocations=11 (full 0):
 garbage-first heap   total 194560K, used 132482K [0x0000000080000000, 0x0000000100000000)
  region size 1024K, 102 young (104448K), 11 survivors (11264K)
 Metaspace       used 58267K, capacity 59806K, committed 59900K, reserved 1101824K
  class space    used 7392K, capacity 7977K, committed 8064K, reserved 1048576K
}
Event: 27.250 GC heap after
{Heap after GC invocations=12 (full 0):
 garbage-first heap   total 194560K, used 51357K [0x0000000080000000, 0x0000000100000000)
  region size 1024K, 15 young (15360K), 15 survivors (15360K)
 Metaspace       used 58267K, capacity 59806K, committed 59900K, reserved 1101824K
  class space    used 7392K, capacity 7977K, committed 8064K, reserved 1048576K
}
Event: 31.200 GC heap before
{Heap before GC invocations=13 (full 0):
 garbage-first heap   total 194560K, used 142493K [0x0000000080000000, 0x0000000100000000)
  region size 1024K, 104 young (106496K), 15 survivors (15360K)
 Metaspace       used 65895K, capacity 67518K, committed 67708K, reserved 1107968K
  class space    used 8346K, capacity 8929K, committed 8960K, reserved 1048576K
}
Event: 31.265 GC heap after
{Heap after GC invocations=14 (full 0):
 garbage-first heap   total 194560K, used 60131K [0x0000000080000000, 0x0000000100000000)
  region size 1024K, 8 young (8192K), 8 survivors (8192K)
 Metaspace       used 65895K, capacity 67518K, committed 67708K, reserved 1107968K
  class space    used 8346K, capacity 8929K, committed 8960K, reserved 1048576K
}
Event: 39.637 GC heap before
{Heap before GC invocations=15 (full 0):
 garbage-first heap   total 194560K, used 149219K [0x0000000080000000, 0x0000000100000000)
  region size 1024K, 95 young (97280K), 8 survivors (8192K)
 Metaspace       used 73297K, capacity 75128K, committed 75388K, reserved 1114112K
  class space    used 9464K, capacity 10132K, committed 10240K, reserved 1048576K
}
Event: 39.664 GC heap after
{Heap after GC invocations=16 (full 0):
 garbage-first heap   total 194560K, used 66939K [0x0000000080000000, 0x0000000100000000)
  region size 1024K, 7 young (7168K), 7 survivors (7168K)
 Metaspace       used 73297K, capacity 75128K, committed 75388K, reserved 1114112K
  class space    used 9464K, capacity 10132K, committed 10240K, reserved 1048576K
}

